<?xml version="1.0" encoding="UTF-8"?>
<!-- Generated by org.testng.reporters.JUnitReportReporter -->
<testsuite hostname="IBM-JCZ52F3" failures="0" tests="1" name="Tests.LoginTest" time="1.688" errors="0" timestamp="2023-06-07T12:42:35 IST" skipped="0">
  <testcase classname="Tests.LoginTest" name="loginmethod" time="1.688"/>
  <system-out/>
</testsuite> <!-- Tests.LoginTest -->
